#
# A fatal error has been detected by the Java Runtime Environment:
#
#  Internal Error (ciMethodData.cpp:209), pid=6644, tid=0x0000000000000c4c
#  Error: ShouldNotReachHere()
#
# JRE version: OpenJDK Runtime Environment (8.0_152-b01) (build 1.8.0_152-release-915-b01)
# Java VM: OpenJDK 64-Bit Server VM (25.152-b01 mixed mode windows-amd64 compressed oops)
# Failed to write core dump. Minidumps are not enabled by default on client versions of Windows
#
# If you would like to submit a bug report, please visit:
#   http://bugreport.java.com/bugreport/crash.jsp
#

---------------  T H R E A D  ---------------

Current thread (0x0000000016af7800):  JavaThread "C2 CompilerThread0" daemon [_thread_in_vm, id=3148, stack(0x0000000018150000,0x0000000018250000)]

Stack: [0x0000000018150000,0x0000000018250000]
[error occurred during error reporting (printing stack bounds), id 0xc0000005]

Native frames: (J=compiled Java code, j=interpreted, Vv=VM code, C=native code)


Current CompileTask:
C2:5309284 23098   !   4       sun.nio.fs.WindowsChannelFactory::open (423 bytes)


---------------  P R O C E S S  ---------------

Java Threads: ( => current thread )
  0x000000001e465800 JavaThread "ForkJoinPool.commonPool-worker-0" daemon [_thread_blocked, id=6092, stack(0x00000000336d0000,0x00000000337d0000)]
  0x000000001e467000 JavaThread "ForkJoinPool.commonPool-worker-3" daemon [_thread_in_native, id=7556, stack(0x00000000335d0000,0x00000000336d0000)]
  0x000000001e466800 JavaThread "ForkJoinPool.commonPool-worker-2" daemon [_thread_blocked, id=1696, stack(0x00000000334d0000,0x00000000335d0000)]
  0x000000001e468800 JavaThread "ForkJoinPool.commonPool-worker-1" daemon [_thread_blocked, id=4900, stack(0x00000000333d0000,0x00000000334d0000)]
  0x000000001e469800 JavaThread "Cache worker for Java compile cache (E:\Shrutika\Bitware\AmplifyApplication\AmplifyApplication\.gradle\4.1\javaCompile)" [_thread_blocked, id=1204, stack(0x00000000332d0000,0x00000000333d0000)]
  0x000000001e45c000 JavaThread "Task worker for ':' Thread 3" [_thread_blocked, id=8236, stack(0x00000000331d0000,0x00000000332d0000)]
  0x000000001e45b000 JavaThread "Task worker for ':' Thread 2" [_thread_blocked, id=8056, stack(0x00000000330d0000,0x00000000331d0000)]
  0x000000001e45a800 JavaThread "Task worker for ':'" [_thread_blocked, id=6436, stack(0x0000000032fd0000,0x00000000330d0000)]
  0x000000001e461000 JavaThread "Cache worker for task history cache (E:\Shrutika\Bitware\AmplifyApplication\AmplifyApplication\.gradle\4.1\taskHistory)" [_thread_blocked, id=5880, stack(0x0000000032ed0000,0x0000000032fd0000)]
  0x000000001e45e000 JavaThread "Cache worker for file content cache (E:\Shrutika\Bitware\AmplifyApplication\AmplifyApplication\.gradle\4.1\fileContent)" [_thread_blocked, id=220, stack(0x0000000032dd0000,0x0000000032ed0000)]
  0x000000001e45f800 JavaThread "build operations Thread 4" [_thread_blocked, id=9664, stack(0x0000000032cd0000,0x0000000032dd0000)]
  0x000000001e460800 JavaThread "build operations Thread 3" [_thread_blocked, id=9324, stack(0x0000000032bd0000,0x0000000032cd0000)]
  0x000000001e45d800 JavaThread "build operations Thread 2" [_thread_blocked, id=3964, stack(0x0000000032ad0000,0x0000000032bd0000)]
  0x0000000020438800 JavaThread "build operations" [_thread_blocked, id=10108, stack(0x00000000329d0000,0x0000000032ad0000)]
  0x000000002042f000 JavaThread "Cache worker for Artifact transforms cache (C:\Users\Admin\.gradle\caches\transforms-1)" [_thread_blocked, id=7208, stack(0x00000000328d0000,0x00000000329d0000)]
  0x0000000020432000 JavaThread "Cache worker for file hash cache (E:\Shrutika\Bitware\AmplifyApplication\AmplifyApplication\.gradle\4.1\fileHashes)" [_thread_blocked, id=6388, stack(0x00000000327d0000,0x00000000328d0000)]
  0x0000000020435000 JavaThread "Stdin handler" [_thread_blocked, id=8944, stack(0x00000000326d0000,0x00000000327d0000)]
  0x0000000020432800 JavaThread "Asynchronous log dispatcher for DefaultDaemonConnection: socket connection from /127.0.0.1:56701 to /127.0.0.1:57612" [_thread_blocked, id=1804, stack(0x00000000325d0000,0x00000000326d0000)]
  0x000000002042a800 JavaThread "Daemon worker Thread 9" [_thread_blocked, id=2748, stack(0x00000000324d0000,0x00000000325d0000)]
  0x000000002042f800 JavaThread "Cancel handler" [_thread_blocked, id=8920, stack(0x00000000323d0000,0x00000000324d0000)]
  0x000000002042e000 JavaThread "Handler for socket connection from /127.0.0.1:56701 to /127.0.0.1:57612" [_thread_in_native, id=4504, stack(0x00000000322d0000,0x00000000323d0000)]
  0x000000002042c000 JavaThread "Daemon Thread 9" [_thread_blocked, id=3960, stack(0x00000000321d0000,0x00000000322d0000)]
  0x0000000019def000 JavaThread "Memory manager" [_thread_blocked, id=2288, stack(0x0000000021730000,0x0000000021830000)]
  0x0000000019ef0800 JavaThread "File lock request listener" [_thread_in_native, id=5640, stack(0x000000001c600000,0x000000001c700000)]
  0x0000000019cb1000 JavaThread "Cache worker for file hash cache (C:\Users\Admin\.gradle\caches\4.1\fileHashes)" [_thread_blocked, id=4412, stack(0x000000001c500000,0x000000001c600000)]
  0x0000000019640800 JavaThread "Daemon periodic checks" [_thread_blocked, id=8688, stack(0x000000001ac30000,0x000000001ad30000)]
  0x00000000198ee800 JavaThread "Incoming local TCP Connector on port 56701" [_thread_in_native, id=8600, stack(0x000000001a760000,0x000000001a860000)]
  0x0000000018478800 JavaThread "Service Thread" daemon [_thread_blocked, id=8832, stack(0x0000000018850000,0x0000000018950000)]
  0x0000000016b07000 JavaThread "C1 CompilerThread2" daemon [_thread_blocked, id=9156, stack(0x0000000018350000,0x0000000018450000)]
  0x0000000016afb000 JavaThread "C2 CompilerThread1" daemon [_thread_in_native, id=1768, stack(0x0000000018250000,0x0000000018350000)]
=>0x0000000016af7800 JavaThread "C2 CompilerThread0" daemon [_thread_in_vm, id=3148, stack(0x0000000018150000,0x0000000018250000)]
  0x0000000016b05800 JavaThread "Attach Listener" daemon [_thread_blocked, id=2372, stack(0x0000000018050000,0x0000000018150000)]
  0x0000000016b04000 JavaThread "Signal Dispatcher" daemon [_thread_blocked, id=7764, stack(0x0000000017f50000,0x0000000018050000)]
  0x000000000315c000 JavaThread "Finalizer" daemon [_thread_blocked, id=9864, stack(0x0000000017d50000,0x0000000017e50000)]
  0x0000000003151000 JavaThread "Reference Handler" daemon [_thread_blocked, id=6948, stack(0x0000000017c50000,0x0000000017d50000)]
  0x0000000002e1d800 JavaThread "main" [_thread_blocked, id=1076, stack(0x0000000002f60000,0x0000000003060000)]

Other Threads:
  0x0000000016ac5000 VMThread [stack: 0x0000000017b50000,0x0000000017c50000] [id=1656]
  0x0000000016b5b000 WatcherThread [stack: 0x0000000018950000,0x0000000018a50000] [id=5000]

VM state:not at safepoint (normal execution)

VM Mutex/Monitor currently owned by a thread: None

Heap:
 PSYoungGen      total 386048K, used 278212K [0x00000000e0000000, 0x00000000fb700000, 0x0000000100000000)
  eden space 333824K, 80% used [0x00000000e0000000,0x00000000f0554650,0x00000000f4600000)
  from space 52224K, 20% used [0x00000000f8400000,0x00000000f8e5cc08,0x00000000fb700000)
  to   space 57856K, 0% used [0x00000000f4600000,0x00000000f4600000,0x00000000f7e80000)
 ParOldGen       total 275456K, used 110433K [0x00000000a0000000, 0x00000000b0d00000, 0x00000000e0000000)
  object space 275456K, 40% used [0x00000000a0000000,0x00000000a6bd84b0,0x00000000b0d00000)
 Metaspace       used 94501K, capacity 102063K, committed 102220K, reserved 1138688K
  class space    used 11997K, capacity 13672K, committed 13696K, reserved 1048576K

Card table byte_map: [0x0000000012530000,0x0000000012840000] byte_map_base: 0x0000000012030000

Marking Bits: (ParMarkBitMap*) 0x0000000073313950
 Begin Bits: [0x0000000012e40000, 0x0000000014640000)
 End Bits:   [0x0000000014640000, 0x0000000015e40000)

Polling page: 0x0000000002e00000

CodeCache: size=245760Kb used=68004Kb max_used=68015Kb free=177756Kb
 bounds [0x0000000003170000, 0x0000000007450000, 0x0000000012170000]
 total_blobs=18682 nmethods=17839 adapters=754
 compilation: enabled

Compilation events (10 events):
Event: 5307.520 Thread 0x0000000016af7800 nmethod 23071 0x0000000007425890 code [0x0000000007425a00, 0x0000000007425db8]
Event: 5307.520 Thread 0x0000000016af7800 23069       4       com.android.dx.ssa.Dominators$DfsWalker::visitBlock (59 bytes)
Event: 5307.534 Thread 0x0000000016af7800 nmethod 23069 0x0000000007426f50 code [0x00000000074270c0, 0x0000000007427658]
Event: 5307.534 Thread 0x0000000016af7800 23073       4       com.android.dx.dex.code.RopToDop::dopFor (808 bytes)
Event: 5307.572 Thread 0x0000000016af7800 nmethod 23073 0x0000000007421b10 code [0x0000000007421fc0, 0x0000000007422e50]
Event: 5307.572 Thread 0x0000000016af7800 23072       4       com.android.dx.ssa.back.FirstFitLocalCombiningAllocator::getParameterIndexForReg (55 bytes)
Event: 5307.579 Thread 0x0000000016af7800 nmethod 23072 0x0000000007426750 code [0x00000000074268c0, 0x0000000007426bc8]
Event: 5307.593 Thread 0x0000000016af7800 23097       4       java.lang.Thread::setContextClassLoader (27 bytes)
Event: 5307.594 Thread 0x0000000016af7800 nmethod 23097 0x0000000006582990 code [0x0000000006582ac0, 0x0000000006582b58]
Event: 5307.614 Thread 0x0000000016af7800 23098   !   4       sun.nio.fs.WindowsChannelFactory::open (423 bytes)

GC Heap History (10 events):
Event: 3963.781 GC heap before
{Heap before GC invocations=36 (full 4):
 PSYoungGen      total 348160K, used 294456K [0x00000000e0000000, 0x00000000fa280000, 0x0000000100000000)
  eden space 280576K, 100% used [0x00000000e0000000,0x00000000f1200000,0x00000000f1200000)
  from space 67584K, 20% used [0x00000000f1200000,0x00000000f1f8e0c0,0x00000000f5400000)
  to   space 65536K, 0% used [0x00000000f6280000,0x00000000f6280000,0x00000000fa280000)
 ParOldGen       total 275456K, used 110393K [0x00000000a0000000, 0x00000000b0d00000, 0x00000000e0000000)
  object space 275456K, 40% used [0x00000000a0000000,0x00000000a6bce4b0,0x00000000b0d00000)
 Metaspace       used 93493K, capacity 100155K, committed 100428K, reserved 1136640K
  class space    used 11862K, capacity 13390K, committed 13440K, reserved 1048576K
Event: 3963.794 GC heap after
Heap after GC invocations=36 (full 4):
 PSYoungGen      total 353792K, used 5564K [0x00000000e0000000, 0x00000000f9d00000, 0x0000000100000000)
  eden space 293888K, 0% used [0x00000000e0000000,0x00000000e0000000,0x00000000f1f00000)
  from space 59904K, 9% used [0x00000000f6280000,0x00000000f67ef3b0,0x00000000f9d00000)
  to   space 64512K, 0% used [0x00000000f1f00000,0x00000000f1f00000,0x00000000f5e00000)
 ParOldGen       total 275456K, used 110401K [0x00000000a0000000, 0x00000000b0d00000, 0x00000000e0000000)
  object space 275456K, 40% used [0x00000000a0000000,0x00000000a6bd04b0,0x00000000b0d00000)
 Metaspace       used 93493K, capacity 100155K, committed 100428K, reserved 1136640K
  class space    used 11862K, capacity 13390K, committed 13440K, reserved 1048576K
}
Event: 3971.522 GC heap before
{Heap before GC invocations=37 (full 4):
 PSYoungGen      total 353792K, used 299452K [0x00000000e0000000, 0x00000000f9d00000, 0x0000000100000000)
  eden space 293888K, 100% used [0x00000000e0000000,0x00000000f1f00000,0x00000000f1f00000)
  from space 59904K, 9% used [0x00000000f6280000,0x00000000f67ef3b0,0x00000000f9d00000)
  to   space 64512K, 0% used [0x00000000f1f00000,0x00000000f1f00000,0x00000000f5e00000)
 ParOldGen       total 275456K, used 110401K [0x00000000a0000000, 0x00000000b0d00000, 0x00000000e0000000)
  object space 275456K, 40% used [0x00000000a0000000,0x00000000a6bd04b0,0x00000000b0d00000)
 Metaspace       used 93620K, capacity 100349K, committed 100428K, reserved 1136640K
  class space    used 11869K, capacity 13401K, committed 13440K, reserved 1048576K
Event: 3971.616 GC heap after
Heap after GC invocations=37 (full 4):
 PSYoungGen      total 358400K, used 36610K [0x00000000e0000000, 0x00000000fb300000, 0x0000000100000000)
  eden space 293888K, 0% used [0x00000000e0000000,0x00000000e0000000,0x00000000f1f00000)
  from space 64512K, 56% used [0x00000000f1f00000,0x00000000f42c08b0,0x00000000f5e00000)
  to   space 65536K, 0% used [0x00000000f7300000,0x00000000f7300000,0x00000000fb300000)
 ParOldGen       total 275456K, used 110409K [0x00000000a0000000, 0x00000000b0d00000, 0x00000000e0000000)
  object space 275456K, 40% used [0x00000000a0000000,0x00000000a6bd24b0,0x00000000b0d00000)
 Metaspace       used 93620K, capacity 100349K, committed 100428K, reserved 1136640K
  class space    used 11869K, capacity 13401K, committed 13440K, reserved 1048576K
}
Event: 3976.022 GC heap before
{Heap before GC invocations=38 (full 4):
 PSYoungGen      total 358400K, used 330498K [0x00000000e0000000, 0x00000000fb300000, 0x0000000100000000)
  eden space 293888K, 100% used [0x00000000e0000000,0x00000000f1f00000,0x00000000f1f00000)
  from space 64512K, 56% used [0x00000000f1f00000,0x00000000f42c08b0,0x00000000f5e00000)
  to   space 65536K, 0% used [0x00000000f7300000,0x00000000f7300000,0x00000000fb300000)
 ParOldGen       total 275456K, used 110409K [0x00000000a0000000, 0x00000000b0d00000, 0x00000000e0000000)
  object space 275456K, 40% used [0x00000000a0000000,0x00000000a6bd24b0,0x00000000b0d00000)
 Metaspace       used 93684K, capacity 100355K, committed 100428K, reserved 1136640K
  class space    used 11871K, capacity 13402K, committed 13440K, reserved 1048576K
Event: 3976.065 GC heap after
Heap after GC invocations=38 (full 4):
 PSYoungGen      total 381440K, used 13325K [0x00000000e0000000, 0x00000000fb280000, 0x0000000100000000)
  eden space 316416K, 0% used [0x00000000e0000000,0x00000000e0000000,0x00000000f3500000)
  from space 65024K, 20% used [0x00000000f7300000,0x00000000f8003418,0x00000000fb280000)
  to   space 63488K, 0% used [0x00000000f3500000,0x00000000f3500000,0x00000000f7300000)
 ParOldGen       total 275456K, used 110417K [0x00000000a0000000, 0x00000000b0d00000, 0x00000000e0000000)
  object space 275456K, 40% used [0x00000000a0000000,0x00000000a6bd44b0,0x00000000b0d00000)
 Metaspace       used 93684K, capacity 100355K, committed 100428K, reserved 1136640K
  class space    used 11871K, capacity 13402K, committed 13440K, reserved 1048576K
}
Event: 5009.149 GC heap before
{Heap before GC invocations=39 (full 4):
 PSYoungGen      total 381440K, used 329741K [0x00000000e0000000, 0x00000000fb280000, 0x0000000100000000)
  eden space 316416K, 100% used [0x00000000e0000000,0x00000000f3500000,0x00000000f3500000)
  from space 65024K, 20% used [0x00000000f7300000,0x00000000f8003418,0x00000000fb280000)
  to   space 63488K, 0% used [0x00000000f3500000,0x00000000f3500000,0x00000000f7300000)
 ParOldGen       total 275456K, used 110417K [0x00000000a0000000, 0x00000000b0d00000, 0x00000000e0000000)
  object space 275456K, 40% used [0x00000000a0000000,0x00000000a6bd44b0,0x00000000b0d00000)
 Metaspace       used 94147K, capacity 101251K, committed 101324K, reserved 1136640K
  class space    used 11941K, capacity 13550K, committed 13568K, reserved 1048576K
Event: 5009.195 GC heap after
Heap after GC invocations=39 (full 4):
 PSYoungGen      total 379904K, used 23746K [0x00000000e0000000, 0x00000000fbe00000, 0x0000000100000000)
  eden space 316416K, 0% used [0x00000000e0000000,0x00000000e0000000,0x00000000f3500000)
  from space 63488K, 37% used [0x00000000f3500000,0x00000000f4c30a48,0x00000000f7300000)
  to   space 59392K, 0% used [0x00000000f8400000,0x00000000f8400000,0x00000000fbe00000)
 ParOldGen       total 275456K, used 110425K [0x00000000a0000000, 0x00000000b0d00000, 0x00000000e0000000)
  object space 275456K, 40% used [0x00000000a0000000,0x00000000a6bd64b0,0x00000000b0d00000)
 Metaspace       used 94147K, capacity 101251K, committed 101324K, reserved 1136640K
  class space    used 11941K, capacity 13550K, committed 13568K, reserved 1048576K
}
Event: 5299.011 GC heap before
{Heap before GC invocations=40 (full 4):
 PSYoungGen      total 379904K, used 340162K [0x00000000e0000000, 0x00000000fbe00000, 0x0000000100000000)
  eden space 316416K, 100% used [0x00000000e0000000,0x00000000f3500000,0x00000000f3500000)
  from space 63488K, 37% used [0x00000000f3500000,0x00000000f4c30a48,0x00000000f7300000)
  to   space 59392K, 0% used [0x00000000f8400000,0x00000000f8400000,0x00000000fbe00000)
 ParOldGen       total 275456K, used 110425K [0x00000000a0000000, 0x00000000b0d00000, 0x00000000e0000000)
  object space 275456K, 40% used [0x00000000a0000000,0x00000000a6bd64b0,0x00000000b0d00000)
 Metaspace       used 94456K, capacity 101999K, committed 102220K, reserved 1138688K
  class space    used 11997K, capacity 13672K, committed 13696K, reserved 1048576K
Event: 5299.032 GC heap after
Heap after GC invocations=40 (full 4):
 PSYoungGen      total 386048K, used 10611K [0x00000000e0000000, 0x00000000fb700000, 0x0000000100000000)
  eden space 333824K, 0% used [0x00000000e0000000,0x00000000e0000000,0x00000000f4600000)
  from space 52224K, 20% used [0x00000000f8400000,0x00000000f8e5cc08,0x00000000fb700000)
  to   space 57856K, 0% used [0x00000000f4600000,0x00000000f4600000,0x00000000f7e80000)
 ParOldGen       total 275456K, used 110433K [0x00000000a0000000, 0x00000000b0d00000, 0x00000000e0000000)
  object space 275456K, 40% used [0x00000000a0000000,0x00000000a6bd84b0,0x00000000b0d00000)
 Metaspace       used 94456K, capacity 101999K, committed 102220K, reserved 1138688K
  class space    used 11997K, capacity 13672K, committed 13696K, reserved 1048576K
}

Deoptimization events (10 events):
Event: 5009.212 Thread 0x0000000020432000 Uncommon trap: reason=array_check action=maybe_recompile pc=0x000000000726a740 method=java.util.TimSort.mergeLo(IIII)V @ 81
Event: 5009.212 Thread 0x0000000020432000 Uncommon trap: reason=array_check action=maybe_recompile pc=0x000000000726a740 method=java.util.TimSort.mergeLo(IIII)V @ 81
Event: 5298.263 Thread 0x000000001e45d800 Uncommon trap: reason=unstable_if action=reinterpret pc=0x0000000004c9520c method=com.google.common.cache.LongAdder.add(J)V @ 24
Event: 5299.378 Thread 0x000000001e45a800 Uncommon trap: reason=class_check action=maybe_recompile pc=0x0000000003afb528 method=org.gradle.api.internal.changedetection.state.AbstractNormalizedFileSnapshot.compareTo(Ljava/lang/Object;)I @ 2
Event: 5299.379 Thread 0x000000001e45a800 Uncommon trap: reason=class_check action=maybe_recompile pc=0x0000000003fd4af8 method=org.gradle.api.internal.changedetection.state.AbstractNormalizedFileSnapshot.compareTo(Lorg/gradle/api/internal/changedetection/state/NormalizedFileSnapshot;)I @ 1
Event: 5299.512 Thread 0x000000001e45a800 Uncommon trap: reason=unstable_if action=reinterpret pc=0x0000000005e4c384 method=com.google.common.cache.LongAdder.add(J)V @ 72
Event: 5300.934 Thread 0x000000001e45a800 Uncommon trap: reason=class_check action=maybe_recompile pc=0x000000000689c668 method=com.sun.tools.javac.comp.Check.checkRefTypes(Lcom/sun/tools/javac/util/List;Lcom/sun/tools/javac/util/List;)Lcom/sun/tools/javac/util/List; @ 31
Event: 5300.934 Thread 0x000000001e45a800 Uncommon trap: reason=class_check action=maybe_recompile pc=0x0000000005663fd8 method=com.sun.tools.javac.code.Types.isSignaturePolymorphic(Lcom/sun/tools/javac/code/Symbol$MethodSymbol;)Z @ 4
Event: 5301.888 Thread 0x000000001e45a800 Uncommon trap: reason=speculate_class_check action=maybe_recompile pc=0x000000000340bd88 method=com.sun.tools.javac.tree.JCTree.hasTag(Lcom/sun/tools/javac/tree/JCTree$Tag;)Z @ 2
Event: 5306.643 Thread 0x000000001e467000 Uncommon trap: reason=class_check action=maybe_recompile pc=0x00000000072d5d20 method=com.android.dx.rop.code.RegisterSpec.withSimpleType()Lcom/android/dx/rop/code/RegisterSpec; @ 21

Classes redefined (0 events):
No events

Internal exceptions (10 events):
Event: 5297.675 Thread 0x000000002042a800 Exception <a 'sun/nio/fs/WindowsException'> (0x00000000ee7f05a0) thrown at [D:\src\AOSP-openjdk-cygwin\jdk8u\hotspot\src\share\vm\prims\jni.cpp, line 709]
Event: 5297.675 Thread 0x000000002042a800 Exception <a 'sun/nio/fs/WindowsException'> (0x00000000ee7f2118) thrown at [D:\src\AOSP-openjdk-cygwin\jdk8u\hotspot\src\share\vm\prims\jni.cpp, line 709]
Event: 5297.675 Thread 0x000000002042a800 Exception <a 'sun/nio/fs/WindowsException'> (0x00000000ee7f2c88) thrown at [D:\src\AOSP-openjdk-cygwin\jdk8u\hotspot\src\share\vm\prims\jni.cpp, line 709]
Event: 5299.512 Thread 0x000000001e45a800 Implicit null exception at 0x0000000005e4bd05 to 0x0000000005e4c361
Event: 5306.567 Thread 0x000000001e466800 Exception <a 'sun/nio/fs/WindowsException'> (0x00000000ef6b5100) thrown at [D:\src\AOSP-openjdk-cygwin\jdk8u\hotspot\src\share\vm\prims\jni.cpp, line 709]
Event: 5306.568 Thread 0x000000001e465800 Exception <a 'sun/nio/fs/WindowsException'> (0x00000000ef6ff2e0) thrown at [D:\src\AOSP-openjdk-cygwin\jdk8u\hotspot\src\share\vm\prims\jni.cpp, line 709]
Event: 5306.577 Thread 0x000000001e467000 Exception <a 'sun/nio/fs/WindowsException'> (0x00000000ef8330a8) thrown at [D:\src\AOSP-openjdk-cygwin\jdk8u\hotspot\src\share\vm\prims\jni.cpp, line 709]
Event: 5306.585 Thread 0x000000001e465800 Exception <a 'sun/nio/fs/WindowsException'> (0x00000000ef71ba50) thrown at [D:\src\AOSP-openjdk-cygwin\jdk8u\hotspot\src\share\vm\prims\jni.cpp, line 709]
Event: 5306.650 Thread 0x000000001e467000 Exception <a 'sun/nio/fs/WindowsException'> (0x00000000efb0af38) thrown at [D:\src\AOSP-openjdk-cygwin\jdk8u\hotspot\src\share\vm\prims\jni.cpp, line 709]
Event: 5306.757 Thread 0x000000001e467000 Exception <a 'sun/nio/fs/WindowsException'> (0x00000000efb8c6e8) thrown at [D:\src\AOSP-openjdk-cygwin\jdk8u\hotspot\src\share\vm\prims\jni.cpp, line 709]

Events (10 events):
Event: 5301.888 Thread 0x000000001e45a800 DEOPT UNPACKING pc=0x00000000031b556a sp=0x00000000330cc3b8 mode 2
Event: 5306.554 Thread 0x000000001e468800 Thread added: 0x000000001e468800
Event: 5306.554 Thread 0x000000001e466800 Thread added: 0x000000001e466800
Event: 5306.554 Thread 0x000000001e467000 Thread added: 0x000000001e467000
Event: 5306.554 Thread 0x000000001e465800 Thread added: 0x000000001e465800
Event: 5306.643 Thread 0x000000001e467000 Uncommon trap: trap_request=0xffffffde fr.pc=0x00000000072d5d20
Event: 5306.643 Thread 0x000000001e467000 DEOPT PACKING pc=0x00000000072d5d20 sp=0x00000000336ce830
Event: 5306.643 Thread 0x000000001e467000 DEOPT UNPACKING pc=0x00000000031b556a sp=0x00000000336ce798 mode 2
Event: 5306.756 Thread 0x000000001e467000 DEOPT PACKING pc=0x000000000393e600 sp=0x00000000336ce850
Event: 5306.756 Thread 0x000000001e467000 DEOPT UNPACKING pc=0x00000000031b75bf sp=0x00000000336ce638 mode 0


Dynamic libraries:
0x00007ff71da20000 - 0x00007ff71da51000 	C:\Program Files\Android\Android Studio_3\jre\bin\java.exe
0x00007ffffaa70000 - 0x00007ffffac4b000 	C:\WINDOWS\SYSTEM32\ntdll.dll
0x00007ffff9440000 - 0x00007ffff94ee000 	C:\WINDOWS\System32\KERNEL32.DLL
0x00007ffff73a0000 - 0x00007ffff75e9000 	C:\WINDOWS\System32\KERNELBASE.dll
0x00007ffff9390000 - 0x00007ffff9431000 	C:\WINDOWS\System32\ADVAPI32.dll
0x00007ffff84e0000 - 0x00007ffff857d000 	C:\WINDOWS\System32\msvcrt.dll
0x00007ffff9560000 - 0x00007ffff95b9000 	C:\WINDOWS\System32\sechost.dll
0x00007ffff8040000 - 0x00007ffff8165000 	C:\WINDOWS\System32\RPCRT4.dll
0x00007ffff8180000 - 0x00007ffff82ca000 	C:\WINDOWS\System32\USER32.dll
0x00007ffff7fb0000 - 0x00007ffff7fce000 	C:\WINDOWS\System32\win32u.dll
0x00007ffff9360000 - 0x00007ffff9387000 	C:\WINDOWS\System32\GDI32.dll
0x00007ffff7040000 - 0x00007ffff71c7000 	C:\WINDOWS\System32\gdi32full.dll
0x00007ffff7f10000 - 0x00007ffff7faa000 	C:\WINDOWS\System32\msvcp_win.dll
0x00007ffff75f0000 - 0x00007ffff76e6000 	C:\WINDOWS\System32\ucrtbase.dll
0x00007fffeb640000 - 0x00007fffeb8a7000 	C:\WINDOWS\WinSxS\amd64_microsoft.windows.common-controls_6595b64144ccf1df_6.0.15063.483_none_26002d27e7c744a2\COMCTL32.dll
0x00007ffff8fd0000 - 0x00007ffff92c9000 	C:\WINDOWS\System32\combase.dll
0x00007ffff7ea0000 - 0x00007ffff7f0a000 	C:\WINDOWS\System32\bcryptPrimitives.dll
0x00007ffff9330000 - 0x00007ffff935d000 	C:\WINDOWS\System32\IMM32.DLL
0x0000000072a70000 - 0x0000000072b42000 	C:\Program Files\Android\Android Studio_3\jre\jre\bin\msvcr100.dll
0x0000000072b50000 - 0x000000007338e000 	C:\Program Files\Android\Android Studio_3\jre\jre\bin\server\jvm.dll
0x00007ffff8170000 - 0x00007ffff8178000 	C:\WINDOWS\System32\PSAPI.DLL
0x00007ffff4e40000 - 0x00007ffff4e63000 	C:\WINDOWS\SYSTEM32\WINMM.dll
0x00007ffff21f0000 - 0x00007ffff21f9000 	C:\WINDOWS\SYSTEM32\WSOCK32.dll
0x00007fffebc90000 - 0x00007fffebc9a000 	C:\WINDOWS\SYSTEM32\VERSION.dll
0x00007ffff7fd0000 - 0x00007ffff803c000 	C:\WINDOWS\System32\WS2_32.dll
0x00007ffff4de0000 - 0x00007ffff4e0b000 	C:\WINDOWS\SYSTEM32\WINMMBASE.dll
0x00007ffff6f90000 - 0x00007ffff6fd9000 	C:\WINDOWS\System32\cfgmgr32.dll
0x00007ffff21e0000 - 0x00007ffff21ef000 	C:\Program Files\Android\Android Studio_3\jre\jre\bin\verify.dll
0x00007fffef2c0000 - 0x00007fffef2e9000 	C:\Program Files\Android\Android Studio_3\jre\jre\bin\java.dll
0x00007ffff2010000 - 0x00007ffff2026000 	C:\Program Files\Android\Android Studio_3\jre\jre\bin\zip.dll
0x00007ffff9630000 - 0x00007ffffaa67000 	C:\WINDOWS\System32\SHELL32.dll
0x00007ffff8640000 - 0x00007ffff86ea000 	C:\WINDOWS\System32\shcore.dll
0x00007ffff77a0000 - 0x00007ffff7e91000 	C:\WINDOWS\System32\windows.storage.dll
0x00007ffff92d0000 - 0x00007ffff9321000 	C:\WINDOWS\System32\shlwapi.dll
0x00007ffff6f70000 - 0x00007ffff6f81000 	C:\WINDOWS\System32\kernel.appcore.dll
0x00007ffff6f20000 - 0x00007ffff6f6c000 	C:\WINDOWS\System32\powrprof.dll
0x00007ffff6ee0000 - 0x00007ffff6ef5000 	C:\WINDOWS\System32\profapi.dll
0x00007ffff1e00000 - 0x00007ffff1e1a000 	C:\Program Files\Android\Android Studio_3\jre\jre\bin\net.dll
0x00007ffff6790000 - 0x00007ffff67ec000 	C:\WINDOWS\system32\mswsock.dll
0x00007fffef610000 - 0x00007fffef621000 	C:\Program Files\Android\Android Studio_3\jre\jre\bin\nio.dll
0x00007ffff1140000 - 0x00007ffff115e000 	C:\Users\Admin\.gradle\native\25\windows-amd64\native-platform.dll
0x00007ffff0d90000 - 0x00007ffff0d9d000 	C:\Program Files\Android\Android Studio_3\jre\jre\bin\management.dll
0x00007ffff6930000 - 0x00007ffff6947000 	C:\WINDOWS\SYSTEM32\CRYPTSP.dll
0x00007ffff63b0000 - 0x00007ffff63e4000 	C:\WINDOWS\system32\rsaenh.dll
0x00007ffff6db0000 - 0x00007ffff6dd5000 	C:\WINDOWS\SYSTEM32\bcrypt.dll
0x00007ffff6e10000 - 0x00007ffff6e39000 	C:\WINDOWS\SYSTEM32\USERENV.dll
0x00007ffff6950000 - 0x00007ffff695b000 	C:\WINDOWS\SYSTEM32\CRYPTBASE.dll
0x00007ffff6530000 - 0x00007ffff6567000 	C:\WINDOWS\SYSTEM32\IPHLPAPI.DLL
0x00007ffff94f0000 - 0x00007ffff94f8000 	C:\WINDOWS\System32\NSI.dll
0x00007fffee410000 - 0x00007fffee426000 	C:\WINDOWS\SYSTEM32\dhcpcsvc6.DLL
0x00007fffee560000 - 0x00007fffee57a000 	C:\WINDOWS\SYSTEM32\dhcpcsvc.DLL

VM Arguments:
jvm_args: -Xmx1536m -Dfile.encoding=windows-1252 -Duser.country=US -Duser.language=en -Duser.variant 
java_command: org.gradle.launcher.daemon.bootstrap.GradleDaemon 4.1
java_class_path (initial): C:\Users\Admin\.gradle\wrapper\dists\gradle-4.1-all\bzyivzo6n839fup2jbap0tjew\gradle-4.1\lib\gradle-launcher-4.1.jar
Launcher Type: SUN_STANDARD

Environment Variables:
PATH=C:\ProgramData\Oracle\Java\javapath;C:\WINDOWS\system32;C:\WINDOWS;C:\WINDOWS\System32\Wbem;C:\WINDOWS\System32\WindowsPowerShell\v1.0\;C:\Program Files (x86)\Skype\Phone\;C:\Program Files\nodejs\;C:\Users\Admin\AppData\Local\Microsoft\WindowsApps;C:\Users\Admin\AppData\Roaming\npm
USERNAME=Admin
OS=Windows_NT
PROCESSOR_IDENTIFIER=Intel64 Family 6 Model 61 Stepping 4, GenuineIntel



---------------  S Y S T E M  ---------------

OS: Windows 10.0 , 64 bit Build 15063 (10.0.15063.296)

CPU:total 4 (initial active 4) (2 cores per cpu, 2 threads per core) family 6 model 61 stepping 4, cmov, cx8, fxsr, mmx, sse, sse2, sse3, ssse3, sse4.1, sse4.2, popcnt, avx, avx2, aes, clmul, erms, 3dnowpref, lzcnt, ht, tsc, tscinvbit, bmi1, bmi2, adx

Memory: 4k page, physical 8291368k(2683260k free), swap 11830312k(5147344k free)

vm_info: OpenJDK 64-Bit Server VM (25.152-b01) for windows-amd64 JRE (1.8.0_152-release-915-b01), built by "builder" with MS VC++ 10.0 (VS2010)

time: Sun Feb 25 10:18:33 2018
elapsed time: 5307 seconds (0d 1h 28m 27s)

